<?xml version="1.0" encoding="UTF-8"?>
<!-- Generated by org.testng.reporters.JUnitXMLReporter -->
<testsuite hostname="LAPTOP-G0Q920BM" ignored="0" name="Default test" tests="3" failures="0" timestamp="01 Oct 2018 17:16:05 GMT" time="83.521" errors="0">
  <testcase name="init" time="62.256" classname="pageTestCase.PageLayoutTestCase001"/>
  <testcase name="pageLayoutTest" time="8.077" classname="pageTestCase.PageLayoutTestCase001"/>
  <testcase name="pageLayoutTest1" time="13.138" classname="pageTestCase.PageLayoutTestCase001"/>
</testsuite> <!-- Default test -->
