<?xml version="1.0" encoding="UTF-8"?>
<testng-results skipped="0" failed="0" ignored="0" total="3" passed="3">
  <reporter-output>
  </reporter-output>
  <suite name="Default suite" duration-ms="83521" started-at="2018-10-01T17:14:41Z" finished-at="2018-10-01T17:16:05Z">
    <groups>
    </groups>
    <test name="Default test" duration-ms="83521" started-at="2018-10-01T17:14:41Z" finished-at="2018-10-01T17:16:05Z">
      <class name="pageTestCase.PageLayoutTestCase001">
        <test-method status="PASS" signature="init()[pri:0, instance:pageTestCase.PageLayoutTestCase001@51565ec2]" name="init" duration-ms="62256" started-at="2018-10-01T22:44:41Z" finished-at="2018-10-01T22:45:43Z">
          <reporter-output>
          </reporter-output>
        </test-method> <!-- init -->
        <test-method status="PASS" signature="pageLayoutTest()[pri:1, instance:pageTestCase.PageLayoutTestCase001@51565ec2]" name="pageLayoutTest" duration-ms="8077" started-at="2018-10-01T22:45:43Z" finished-at="2018-10-01T22:45:51Z">
          <reporter-output>
          </reporter-output>
        </test-method> <!-- pageLayoutTest -->
        <test-method status="PASS" signature="pageLayoutTest1()[pri:2, instance:pageTestCase.PageLayoutTestCase001@51565ec2]" name="pageLayoutTest1" duration-ms="13138" started-at="2018-10-01T22:45:51Z" finished-at="2018-10-01T22:46:05Z">
          <reporter-output>
          </reporter-output>
        </test-method> <!-- pageLayoutTest1 -->
      </class> <!-- pageTestCase.PageLayoutTestCase001 -->
    </test> <!-- Default test -->
  </suite> <!-- Default suite -->
</testng-results>
